0 info it worked if it ends with ok
1 verbose cli [ '/usr/local/bin/node', '/usr/local/bin/npm', 'run', 'serve' ]
2 info using npm@3.10.10
3 info using node@v6.11.1
4 verbose run-script [ 'preserve', 'serve', 'postserve' ]
5 info lifecycle hoverboard@1.2.0~preserve: hoverboard@1.2.0
6 silly lifecycle hoverboard@1.2.0~preserve: no script for preserve, continuing
7 info lifecycle hoverboard@1.2.0~serve: hoverboard@1.2.0
8 verbose lifecycle hoverboard@1.2.0~serve: unsafe-perm in lifecycle true
9 verbose lifecycle hoverboard@1.2.0~serve: PATH: /usr/local/lib/node_modules/npm/bin/node-gyp-bin:/Users/woowahan/GDG/homepage/node_modules/.bin:/Users/woowahan/.rvm/gems/ruby-2.4.1/bin:/Users/woowahan/.rvm/gems/ruby-2.4.1@global/bin:/Users/woowahan/.rvm/rubies/ruby-2.4.1/bin:/usr/local/bin:/usr/bin:/bin:/usr/sbin:/sbin:/Users/woowahan/.rvm/bin
10 verbose lifecycle hoverboard@1.2.0~serve: CWD: /Users/woowahan/GDG/homepage
11 silly lifecycle hoverboard@1.2.0~serve: Args: [ '-c', 'gulp serve' ]
12 silly lifecycle hoverboard@1.2.0~serve: Returned: code: 1  signal: null
13 info lifecycle hoverboard@1.2.0~serve: Failed to exec serve script
14 verbose stack Error: hoverboard@1.2.0 serve: `gulp serve`
14 verbose stack Exit status 1
14 verbose stack     at EventEmitter.<anonymous> (/usr/local/lib/node_modules/npm/lib/utils/lifecycle.js:255:16)
14 verbose stack     at emitTwo (events.js:106:13)
14 verbose stack     at EventEmitter.emit (events.js:191:7)
14 verbose stack     at ChildProcess.<anonymous> (/usr/local/lib/node_modules/npm/lib/utils/spawn.js:40:14)
14 verbose stack     at emitTwo (events.js:106:13)
14 verbose stack     at ChildProcess.emit (events.js:191:7)
14 verbose stack     at maybeClose (internal/child_process.js:891:16)
14 verbose stack     at Process.ChildProcess._handle.onexit (internal/child_process.js:226:5)
15 verbose pkgid hoverboard@1.2.0
16 verbose cwd /Users/woowahan/GDG/homepage
17 error Darwin 16.7.0
18 error argv "/usr/local/bin/node" "/usr/local/bin/npm" "run" "serve"
19 error node v6.11.1
20 error npm  v3.10.10
21 error code ELIFECYCLE
22 error hoverboard@1.2.0 serve: `gulp serve`
22 error Exit status 1
23 error Failed at the hoverboard@1.2.0 serve script 'gulp serve'.
23 error Make sure you have the latest version of node.js and npm installed.
23 error If you do, this is most likely a problem with the hoverboard package,
23 error not with npm itself.
23 error Tell the author that this fails on your system:
23 error     gulp serve
23 error You can get information on how to open an issue for this project with:
23 error     npm bugs hoverboard
23 error Or if that isn't available, you can get their info via:
23 error     npm owner ls hoverboard
23 error There is likely additional logging output above.
24 verbose exit [ 1, true ]
